Build started 8/10/2013 4:52:43 PM.
     1>Project "C:\Projects\MME\MME_Entertainment\Hercules\EOS\Test\VSCPP\test\test\test.vcxproj" on node 2 (build target(s)).
     1>PrepareForBuild:
         Creating directory "C:\Projects\MME\MME_Entertainment\Hercules\EOS\Test\VSCPP\test\x64\Debug\".
       InitializeBuildStatus:
         Creating "x64\Debug\test.unsuccessfulbuild" because "AlwaysCreate" was specified.
       ClCompile:
         C:\Program Files (x86)\Microsoft Visual Studio 10.0\VC\bin\x86_amd64\CL.exe /c /I. /Zi /nologo /W3 /WX- /Od /D WIN32 /D _DEBUG /D _CONSOLE /D _UNICODE /D UNICODE /Gm /EHsc /RTC1 /MDd /GS /fp:precise /Zc:wchar_t /Zc:forScope /Yc"StdAfx.h" /Fp"x64\Debug\test.pch" /Fo"x64\Debug\\" /Fd"x64\Debug\vc100.pdb" /Gd /TP /errorReport:prompt stdafx.cpp
         stdafx.cpp
         C:\Program Files (x86)\Microsoft Visual Studio 10.0\VC\bin\x86_amd64\CL.exe /c /I. /Zi /nologo /W3 /WX- /Od /D WIN32 /D _DEBUG /D _CONSOLE /D _UNICODE /D UNICODE /Gm /EHsc /RTC1 /MDd /GS /fp:precise /Zc:wchar_t /Zc:forScope /Yu"StdAfx.h" /Fp"x64\Debug\test.pch" /Fo"x64\Debug\\" /Fd"x64\Debug\vc100.pdb" /Gd /TP /errorReport:prompt test.cpp
         test.cpp
       ManifestResourceCompile:
         C:\Program Files (x86)\Microsoft SDKs\Windows\v7.0A\bin\rc.exe /nologo /fo"x64\Debug\test.exe.embed.manifest.res" x64\Debug\test_manifest.rc 
       Link:
         C:\Program Files (x86)\Microsoft Visual Studio 10.0\VC\bin\x86_amd64\link.exe /ERRORREPORT:PROMPT /OUT:"C:\Projects\MME\MME_Entertainment\Hercules\EOS\Test\VSCPP\test\x64\Debug\test.exe" /INCREMENTAL /NOLOGO kernel32.lib user32.lib gdi32.lib winspool.lib comdlg32.lib advapi32.lib shell32.lib ole32.lib oleaut32.lib uuid.lib odbc32.lib odbccp32.lib /MANIFEST /ManifestFile:"x64\Debug\test.exe.intermediate.manifest" /MANIFESTUAC:"level='asInvoker' uiAccess='false'" /DEBUG /PDB:"C:\Projects\MME\MME_Entertainment\Hercules\EOS\Test\VSCPP\test\x64\Debug\test.pdb" /SUBSYSTEM:CONSOLE /TLBID:1 /DYNAMICBASE /NXCOMPAT /IMPLIB:"C:\Projects\MME\MME_Entertainment\Hercules\EOS\Test\VSCPP\test\x64\Debug\test.lib" /MACHINE:X64 x64\Debug\test.exe.embed.manifest.res
         x64\Debug\stdafx.obj
         x64\Debug\test.obj
     1>LINK : fatal error LNK1123: failure during conversion to COFF: file invalid or corrupt
     1>Done Building Project "C:\Projects\MME\MME_Entertainment\Hercules\EOS\Test\VSCPP\test\test\test.vcxproj" (build target(s)) -- FAILED.

Build FAILED.

Time Elapsed 00:00:09.27
